[13:02:22.972] [INFO] storybook v10.2.17
[13:02:23.837] [DEBUG] Getting package.json info for /home/local/USHERBROOKE/cabw2601/Documents/Repo/indicateur_impact/indicateur_impact/package.json...
[13:02:24.447] [INFO] Storybook collects completely anonymous usage telemetry. We use it to shape Storybook's roadmap and prioritize features. You can learn more, including how to opt out, at https://storybook.js.org/telemetry
[13:02:25.035] [INFO] Starting...
[13:02:25.076] [WARN] unable to find package.json for radix-ui
[13:02:25.286] [DEBUG] Starting preview..
[13:02:25.330] [INFO] Using implicit CSS loaders
[13:02:25.585] [ERROR] Failed to build the preview
[13:02:25.587] [ERROR] [38;2;241;97;97mError: Cannot find module 'ajv/dist/compile/codegen'
Require stack:
- ./node_modules/ajv-keywords/dist/definitions/typeof.js
- ./node_modules/ajv-keywords/dist/keywords/typeof.js
- ./node_modules/ajv-keywords/dist/keywords/index.js
- ./node_modules/ajv-keywords/dist/index.js
- ./node_modules/schema-utils/dist/validate.js
- ./node_modules/schema-utils/dist/index.js
- ./node_modules/webpack-dev-middleware/dist/index.js[39m
    at Function._resolveFilename (node:internal/modules/cjs/loader:1405:15)
    at defaultResolveImpl (node:internal/modules/cjs/loader:1061:19)
    at resolveForCJSWithHooks (node:internal/modules/cjs/loader:1066:22)
    at Function._load (node:internal/modules/cjs/loader:1215:37)
    at TracingChannel.traceSync (node:diagnostics_channel:322:14)
    at wrapModuleLoad (node:internal/modules/cjs/loader:235:24)
    at Module.require (node:internal/modules/cjs/loader:1491:12)
    at require (node:internal/modules/helpers:135:16)
    at Object.<anonymous> (./node_modules/ajv-keywords/dist/definitions/typeof.js:3:19)
    at Module._compile (node:internal/modules/cjs/loader:1734:14)
[13:02:25.589] [WARN] Broken build, fix the error above.
You may need to refresh the browser.